<?xml version="1.0" encoding="UTF-8"?>
<!DOCTYPE coverage SYSTEM "http://cobertura.sourceforge.net/xml/coverage-04.dtd">
<coverage line-rate="0.39153439153439" branch-rate="0" lines-covered="666" lines-valid="1701" branches-covered="0" branches-valid="0" complexity="479" version="0.4" timestamp="1775347747">
  <sources>
    <source>/app/src</source>
  </sources>
  <packages>
    <package name="Command/CoreDownloadersUpdateCommand.php" line-rate="0" branch-rate="0" complexity="7">
      <classes>
        <class name="App\Command\CoreDownloadersUpdateCommand" filename="Command/CoreDownloadersUpdateCommand.php" line-rate="0" branch-rate="0" complexity="7">
          <methods>
            <method name="__construct" signature="DownloaderFactory $downloaderFactory" line-rate="0" branch-rate="0" complexity="1">
              <lines>
                <line number="22" hits="0"/>
              </lines>
            </method>
            <method name="configure" signature="" line-rate="0" branch-rate="0" complexity="1">
              <lines>
                <line number="27" hits="0"/>
              </lines>
            </method>
            <method name="execute" signature="InputInterface $input, OutputInterface $output" line-rate="0" branch-rate="0" complexity="5">
              <lines>
                <line number="31" hits="0"/>
                <line number="33" hits="0"/>
                <line number="34" hits="0"/>
                <line number="35" hits="0"/>
                <line number="36" hits="0"/>
                <line number="38" hits="0"/>
                <line number="39" hits="0"/>
                <line number="40" hits="0"/>
                <line number="43" hits="0"/>
                <line number="44" hits="0"/>
                <line number="46" hits="0"/>
                <line number="48" hits="0"/>
                <line number="50" hits="0"/>
                <line number="51" hits="0"/>
                <line number="52" hits="0"/>
                <line number="53" hits="0"/>
                <line number="57" hits="0"/>
              </lines>
            </method>
          </methods>
          <lines>
            <line number="22" hits="0"/>
            <line number="27" hits="0"/>
            <line number="31" hits="0"/>
            <line number="33" hits="0"/>
            <line number="34" hits="0"/>
            <line number="35" hits="0"/>
            <line number="36" hits="0"/>
            <line number="38" hits="0"/>
            <line number="39" hits="0"/>
            <line number="40" hits="0"/>
            <line number="43" hits="0"/>
            <line number="44" hits="0"/>
            <line number="46" hits="0"/>
            <line number="48" hits="0"/>
            <line number="50" hits="0"/>
            <line number="51" hits="0"/>
            <line number="52" hits="0"/>
            <line number="53" hits="0"/>
            <line number="57" hits="0"/>
          </lines>
        </class>
      </classes>
    </package>
    <package name="Command/DownloadRouterMigrationSetDownloadjobOwnerCommand.php" line-rate="0" branch-rate="0" complexity="11">
      <classes>
        <class name="App\Command\DownloadRouterMigrationSetDownloadjobOwnerCommand" filename="Command/DownloadRouterMigrationSetDownloadjobOwnerCommand.php" line-rate="0" branch-rate="0" complexity="11">
          <methods>
            <method name="__construct" signature="DownloadJobRepository $downloadJobRepository, OidcSubjectIdentifierRepository $oidcSubjectIdentifierRepository, EntityManagerInterface $entityManager, LoggerInterface $logger" line-rate="0" branch-rate="0" complexity="1">
              <lines>
                <line number="32" hits="0"/>
              </lines>
            </method>
            <method name="configure" signature="" line-rate="0" branch-rate="0" complexity="1">
              <lines>
                <line number="37" hits="0"/>
                <line number="38" hits="0"/>
                <line number="39" hits="0"/>
                <line number="40" hits="0"/>
              </lines>
            </method>
            <method name="execute" signature="InputInterface $input, OutputInterface $output" line-rate="0" branch-rate="0" complexity="5">
              <lines>
                <line number="45" hits="0"/>
                <line number="46" hits="0"/>
                <line number="49" hits="0"/>
                <line number="51" hits="0"/>
                <line number="52" hits="0"/>
                <line number="53" hits="0"/>
                <line number="54" hits="0"/>
                <line number="56" hits="0"/>
                <line number="58" hits="0"/>
                <line number="60" hits="0"/>
                <line number="61" hits="0"/>
                <line number="62" hits="0"/>
                <line number="63" hits="0"/>
                <line number="66" hits="0"/>
                <line number="67" hits="0"/>
                <line number="69" hits="0"/>
                <line number="73" hits="0"/>
              </lines>
            </method>
            <method name="setOwnerOnDownloadJobs" signature="OidcSubjectIdentifier $owner, bool $dryRun" line-rate="0" branch-rate="0" complexity="4">
              <lines>
                <line number="77" hits="0"/>
                <line number="78" hits="0"/>
                <line number="80" hits="0"/>
                <line number="81" hits="0"/>
                <line number="82" hits="0"/>
                <line number="83" hits="0"/>
                <line number="84" hits="0"/>
                <line number="86" hits="0"/>
                <line number="91" hits="0"/>
                <line number="92" hits="0"/>
                <line number="93" hits="0"/>
              </lines>
            </method>
          </methods>
          <lines>
            <line number="32" hits="0"/>
            <line number="37" hits="0"/>
            <line number="38" hits="0"/>
            <line number="39" hits="0"/>
            <line number="40" hits="0"/>
            <line number="45" hits="0"/>
            <line number="46" hits="0"/>
            <line number="49" hits="0"/>
            <line number="51" hits="0"/>
            <line number="52" hits="0"/>
            <line number="53" hits="0"/>
            <line number="54" hits="0"/>
            <line number="56" hits="0"/>
            <line number="58" hits="0"/>
            <line number="60" hits="0"/>
            <line number="61" hits="0"/>
            <line number="62" hits="0"/>
            <line number="63" hits="0"/>
            <line number="66" hits="0"/>
            <line number="67" hits="0"/>
            <line number="69" hits="0"/>
            <line number="73" hits="0"/>
            <line number="77" hits="0"/>
            <line number="78" hits="0"/>
            <line number="80" hits="0"/>
            <line number="81" hits="0"/>
            <line number="82" hits="0"/>
            <line number="83" hits="0"/>
            <line number="84" hits="0"/>
            <line number="86" hits="0"/>
            <line number="91" hits="0"/>
            <line number="92" hits="0"/>
            <line number="93" hits="0"/>
          </lines>
        </class>
      </classes>
    </package>
    <package name="Command/ScanDownloadedFilesCommand.php" line-rate="0" branch-rate="0" complexity="11">
      <classes>
        <class name="App\Command\ScanDownloadedFilesCommand" filename="Command/ScanDownloadedFilesCommand.php" line-rate="0" branch-rate="0" complexity="11">
          <methods>
            <method name="__construct" signature="DownloadJobRepository $downloadJobRepository, DownloadJobEventRepository $downloadJobEventRepository, DownloaderFactory $downloaderFactory, LoggerInterface $logger" line-rate="0" branch-rate="0" complexity="1">
              <lines>
                <line number="30" hits="0"/>
              </lines>
            </method>
            <method name="configure" signature="" line-rate="0" branch-rate="0" complexity="1">
              <lines>
                <line number="35" hits="0"/>
              </lines>
            </method>
            <method name="execute" signature="InputInterface $input, OutputInterface $output" line-rate="0" branch-rate="0" complexity="9">
              <lines>
                <line number="39" hits="0"/>
                <line number="42" hits="0"/>
                <line number="45" hits="0"/>
                <line number="46" hits="0"/>
                <line number="47" hits="0"/>
                <line number="48" hits="0"/>
                <line number="51" hits="0"/>
                <line number="52" hits="0"/>
                <line number="54" hits="0"/>
                <line number="57" hits="0"/>
                <line number="58" hits="0"/>
                <line number="59" hits="0"/>
                <line number="62" hits="0"/>
                <line number="64" hits="0"/>
                <line number="66" hits="0"/>
                <line number="67" hits="0"/>
                <line number="68" hits="0"/>
                <line number="69" hits="0"/>
                <line number="70" hits="0"/>
                <line number="71" hits="0"/>
                <line number="73" hits="0"/>
                <line number="74" hits="0"/>
                <line number="75" hits="0"/>
                <line number="78" hits="0"/>
                <line number="79" hits="0"/>
                <line number="80" hits="0"/>
                <line number="81" hits="0"/>
                <line number="83" hits="0"/>
                <line number="84" hits="0"/>
                <line number="87" hits="0"/>
                <line number="88" hits="0"/>
                <line number="89" hits="0"/>
                <line number="90" hits="0"/>
                <line number="92" hits="0"/>
                <line number="96" hits="0"/>
                <line number="98" hits="0"/>
              </lines>
            </method>
          </methods>
          <lines>
            <line number="30" hits="0"/>
            <line number="35" hits="0"/>
            <line number="39" hits="0"/>
            <line number="42" hits="0"/>
            <line number="45" hits="0"/>
            <line number="46" hits="0"/>
            <line number="47" hits="0"/>
            <line number="48" hits="0"/>
            <line number="51" hits="0"/>
            <line number="52" hits="0"/>
            <line number="54" hits="0"/>
            <line number="57" hits="0"/>
            <line number="58" hits="0"/>
            <line number="59" hits="0"/>
            <line number="62" hits="0"/>
            <line number="64" hits="0"/>
            <line number="66" hits="0"/>
            <line number="67" hits="0"/>
            <line number="68" hits="0"/>
            <line number="69" hits="0"/>
            <line number="70" hits="0"/>
            <line number="71" hits="0"/>
            <line number="73" hits="0"/>
            <line number="74" hits="0"/>
            <line number="75" hits="0"/>
            <line number="78" hits="0"/>
            <line number="79" hits="0"/>
            <line number="80" hits="0"/>
            <line number="81" hits="0"/>
            <line number="83" hits="0"/>
            <line number="84" hits="0"/>
            <line number="87" hits="0"/>
            <line number="88" hits="0"/>
            <line number="89" hits="0"/>
            <line number="90" hits="0"/>
            <line number="92" hits="0"/>
            <line number="96" hits="0"/>
            <line number="98" hits="0"/>
          </lines>
        </class>
      </classes>
    </package>
    <package name="Command/UrlDownloadCommand.php" line-rate="0" branch-rate="0" complexity="9">
      <classes>
        <class name="App\Command\UrlDownloadCommand" filename="Command/UrlDownloadCommand.php" line-rate="0" branch-rate="0" complexity="9">
          <methods>
            <method name="__construct" signature="DownloaderFactory $downloaderCollection" line-rate="0" branch-rate="0" complexity="1">
              <lines>
                <line number="30" hits="0"/>
              </lines>
            </method>
            <method name="configure" signature="" line-rate="0" branch-rate="0" complexity="2">
              <lines>
                <line number="35" hits="0"/>
                <line number="37" hits="0"/>
                <line number="38" hits="0"/>
                <line number="39" hits="0"/>
                <line number="40" hits="0"/>
                <line number="41" hits="0"/>
                <line number="42" hits="0"/>
                <line number="43" hits="0"/>
                <line number="44" hits="0"/>
                <line number="45" hits="0"/>
                <line number="46" hits="0"/>
                <line number="49" hits="0"/>
                <line number="50" hits="0"/>
                <line number="51" hits="0"/>
              </lines>
            </method>
            <method name="execute" signature="InputInterface $input, OutputInterface $output" line-rate="0" branch-rate="0" complexity="6">
              <lines>
                <line number="56" hits="0"/>
                <line number="58" hits="0"/>
                <line number="60" hits="0"/>
                <line number="61" hits="0"/>
                <line number="62" hits="0"/>
                <line number="63" hits="0"/>
                <line number="64" hits="0"/>
                <line number="66" hits="0"/>
                <line number="68" hits="0"/>
                <line number="69" hits="0"/>
                <line number="71" hits="0"/>
                <line number="75" hits="0"/>
                <line number="78" hits="0"/>
                <line number="79" hits="0"/>
                <line number="80" hits="0"/>
                <line number="84" hits="0"/>
                <line number="85" hits="0"/>
                <line number="86" hits="0"/>
                <line number="88" hits="0"/>
                <line number="90" hits="0"/>
                <line number="92" hits="0"/>
              </lines>
            </method>
          </methods>
          <lines>
            <line number="30" hits="0"/>
            <line number="35" hits="0"/>
            <line number="37" hits="0"/>
            <line number="38" hits="0"/>
            <line number="39" hits="0"/>
            <line number="40" hits="0"/>
            <line number="41" hits="0"/>
            <line number="42" hits="0"/>
            <line number="43" hits="0"/>
            <line number="44" hits="0"/>
            <line number="45" hits="0"/>
            <line number="46" hits="0"/>
            <line number="49" hits="0"/>
            <line number="50" hits="0"/>
            <line number="51" hits="0"/>
            <line number="56" hits="0"/>
            <line number="58" hits="0"/>
            <line number="60" hits="0"/>
            <line number="61" hits="0"/>
            <line number="62" hits="0"/>
            <line number="63" hits="0"/>
            <line number="64" hits="0"/>
            <line number="66" hits="0"/>
            <line number="68" hits="0"/>
            <line number="69" hits="0"/>
            <line number="71" hits="0"/>
            <line number="75" hits="0"/>
            <line number="78" hits="0"/>
            <line number="79" hits="0"/>
            <line number="80" hits="0"/>
            <line number="84" hits="0"/>
            <line number="85" hits="0"/>
            <line number="86" hits="0"/>
            <line number="88" hits="0"/>
            <line number="90" hits="0"/>
            <line number="92" hits="0"/>
          </lines>
        </class>
      </classes>
    </package>
    <package name="Controller/AuthController.php" line-rate="0.94915254237288" branch-rate="0" complexity="37">
      <classes>
        <class name="App\Controller\AuthController" filename="Controller/AuthController.php" line-rate="0.94915254237288" branch-rate="0" complexity="37">
          <methods>
            <method name="__construct" signature="string $clientId, string $clientSecret, string $wellKnownUrl, HttpClientInterface $httpClient, CacheItemPoolInterface $cache, LoggerInterface $logger" line-rate="1" branch-rate="0" complexity="1">
              <lines>
                <line number="43" hits="42"/>
              </lines>
            </method>
            <method name="startOAuth2Flow" signature="" line-rate="1" branch-rate="0" complexity="3">
              <lines>
                <line number="55" hits="9"/>
                <line number="56" hits="9"/>
                <line number="57" hits="4"/>
                <line number="58" hits="4"/>
                <line number="59" hits="4"/>
                <line number="60" hits="4"/>
                <line number="64" hits="5"/>
                <line number="65" hits="5"/>
                <line number="68" hits="5"/>
                <line number="71" hits="5"/>
                <line number="72" hits="5"/>
                <line number="73" hits="5"/>
                <line number="74" hits="5"/>
                <line number="75" hits="5"/>
                <line number="78" hits="5"/>
                <line number="79" hits="5"/>
                <line number="80" hits="5"/>
                <line number="81" hits="5"/>
                <line number="84" hits="5"/>
                <line number="85" hits="5"/>
                <line number="86" hits="5"/>
                <line number="87" hits="5"/>
                <line number="88" hits="5"/>
                <line number="89" hits="5"/>
                <line number="90" hits="5"/>
                <line number="91" hits="5"/>
                <line number="92" hits="5"/>
                <line number="95" hits="5"/>
                <line number="96" hits="5"/>
                <line number="98" hits="5"/>
              </lines>
            </method>
            <method name="callback" signature="Request $request" line-rate="1" branch-rate="0" complexity="9">
              <lines>
                <line number="112" hits="14"/>
                <line number="113" hits="14"/>
                <line number="114" hits="2"/>
                <line number="116" hits="2"/>
                <line number="117" hits="2"/>
                <line number="118" hits="2"/>
                <line number="119" hits="2"/>
                <line number="120" hits="2"/>
                <line number="123" hits="12"/>
                <line number="124" hits="12"/>
                <line number="126" hits="12"/>
                <line number="127" hits="3"/>
                <line number="128" hits="3"/>
                <line number="129" hits="3"/>
                <line number="130" hits="3"/>
                <line number="131" hits="3"/>
                <line number="135" hits="9"/>
                <line number="136" hits="9"/>
                <line number="137" hits="9"/>
                <line number="138" hits="1"/>
                <line number="140" hits="1"/>
                <line number="141" hits="1"/>
                <line number="142" hits="1"/>
                <line number="143" hits="1"/>
                <line number="144" hits="1"/>
                <line number="147" hits="8"/>
                <line number="150" hits="8"/>
                <line number="153" hits="8"/>
                <line number="154" hits="8"/>
                <line number="155" hits="2"/>
                <line number="156" hits="2"/>
                <line number="157" hits="2"/>
                <line number="158" hits="2"/>
                <line number="159" hits="2"/>
                <line number="163" hits="6"/>
                <line number="164" hits="6"/>
                <line number="165" hits="6"/>
                <line number="166" hits="6"/>
                <line number="169" hits="6"/>
                <line number="170" hits="6"/>
                <line number="171" hits="6"/>
                <line number="172" hits="6"/>
                <line number="173" hits="6"/>
                <line number="174" hits="6"/>
                <line number="175" hits="6"/>
                <line number="176" hits="6"/>
                <line number="177" hits="6"/>
                <line number="178" hits="6"/>
                <line number="180" hits="5"/>
                <line number="181" hits="5"/>
                <line number="183" hits="5"/>
                <line number="184" hits="5"/>
                <line number="185" hits="5"/>
                <line number="186" hits="5"/>
                <line number="188" hits="5"/>
                <line number="189" hits="5"/>
                <line number="190" hits="1"/>
                <line number="191" hits="1"/>
                <line number="192" hits="1"/>
                <line number="193" hits="1"/>
                <line number="195" hits="1"/>
                <line number="196" hits="1"/>
                <line number="197" hits="1"/>
                <line number="198" hits="1"/>
                <line number="199" hits="1"/>
                <line number="203" hits="4"/>
                <line number="204" hits="1"/>
                <line number="206" hits="1"/>
                <line number="207" hits="1"/>
                <line number="208" hits="1"/>
                <line number="209" hits="1"/>
                <line number="210" hits="1"/>
                <line number="214" hits="3"/>
                <line number="215" hits="3"/>
                <line number="216" hits="3"/>
                <line number="217" hits="3"/>
                <line number="218" hits="3"/>
                <line number="219" hits="3"/>
                <line number="220" hits="3"/>
                <line number="221" hits="1"/>
                <line number="222" hits="1"/>
                <line number="223" hits="1"/>
                <line number="224" hits="1"/>
                <line number="226" hits="1"/>
                <line number="227" hits="1"/>
                <line number="228" hits="1"/>
                <line number="229" hits="1"/>
                <line number="230" hits="1"/>
              </lines>
            </method>
            <method name="codeToToken" signature="Request $request" line-rate="0.88235294117647" branch-rate="0" complexity="9">
              <lines>
                <line number="237" hits="12"/>
                <line number="238" hits="12"/>
                <line number="239" hits="1"/>
                <line number="240" hits="1"/>
                <line number="241" hits="1"/>
                <line number="242" hits="1"/>
                <line number="245" hits="11"/>
                <line number="246" hits="11"/>
                <line number="247" hits="2"/>
                <line number="248" hits="2"/>
                <line number="249" hits="2"/>
                <line number="250" hits="2"/>
                <line number="254" hits="9"/>
                <line number="255" hits="9"/>
                <line number="256" hits="9"/>
                <line number="259" hits="9"/>
                <line number="260" hits="3"/>
                <line number="261" hits="3"/>
                <line number="262" hits="3"/>
                <line number="263" hits="3"/>
                <line number="267" hits="6"/>
                <line number="268" hits="6"/>
                <line number="269" hits="3"/>
                <line number="270" hits="3"/>
                <line number="271" hits="3"/>
                <line number="272" hits="3"/>
                <line number="275" hits="3"/>
                <line number="276" hits="3"/>
                <line number="277" hits="3"/>
                <line number="278" hits="3"/>
                <line number="279" hits="3"/>
                <line number="280" hits="3"/>
                <line number="281" hits="3"/>
                <line number="282" hits="3"/>
                <line number="283" hits="3"/>
                <line number="284" hits="3"/>
                <line number="286" hits="3"/>
                <line number="287" hits="3"/>
                <line number="288" hits="3"/>
                <line number="289" hits="3"/>
                <line number="290" hits="3"/>
                <line number="291" hits="3"/>
                <line number="292" hits="3"/>
                <line number="295" hits="3"/>
                <line number="296" hits="3"/>
                <line number="297" hits="0"/>
                <line number="298" hits="0"/>
                <line number="299" hits="0"/>
                <line number="300" hits="0"/>
                <line number="301" hits="0"/>
                <line number="302" hits="0"/>
              </lines>
            </method>
            <method name="tokenProxy" signature="Request $request" line-rate="0.82857142857143" branch-rate="0" complexity="5">
              <lines>
                <line number="319" hits="7"/>
                <line number="321" hits="7"/>
                <line number="322" hits="2"/>
                <line number="323" hits="2"/>
                <line number="324" hits="2"/>
                <line number="325" hits="2"/>
                <line number="328" hits="5"/>
                <line number="329" hits="5"/>
                <line number="330" hits="2"/>
                <line number="331" hits="2"/>
                <line number="332" hits="2"/>
                <line number="335" hits="3"/>
                <line number="336" hits="3"/>
                <line number="337" hits="3"/>
                <line number="338" hits="3"/>
                <line number="339" hits="3"/>
                <line number="340" hits="3"/>
                <line number="341" hits="3"/>
                <line number="342" hits="3"/>
                <line number="344" hits="3"/>
                <line number="345" hits="3"/>
                <line number="346" hits="3"/>
                <line number="347" hits="3"/>
                <line number="348" hits="3"/>
                <line number="349" hits="3"/>
                <line number="351" hits="3"/>
                <line number="355" hits="3"/>
                <line number="356" hits="0"/>
                <line number="360" hits="3"/>
                <line number="361" hits="3"/>
                <line number="362" hits="0"/>
                <line number="363" hits="0"/>
                <line number="364" hits="0"/>
                <line number="365" hits="0"/>
                <line number="366" hits="0"/>
              </lines>
            </method>
            <method name="getTokenEndpoint" signature="" line-rate="1" branch-rate="0" complexity="3">
              <lines>
                <line number="373" hits="11"/>
                <line number="374" hits="9"/>
                <line number="375" hits="1"/>
                <line number="378" hits="8"/>
                <line number="379" hits="8"/>
                <line number="380" hits="2"/>
                <line number="382" hits="2"/>
              </lines>
            </method>
            <method name="getWellKnownField" signature="string $field" line-rate="1" branch-rate="0" complexity="4">
              <lines>
                <line number="392" hits="17"/>
                <line number="393" hits="16"/>
                <line number="394" hits="2"/>
                <line number="395" hits="2"/>
                <line number="396" hits="2"/>
                <line number="397" hits="2"/>
                <line number="399" hits="2"/>
                <line number="402" hits="14"/>
                <line number="403" hits="14"/>
                <line number="404" hits="1"/>
                <line number="405" hits="1"/>
                <line number="406" hits="1"/>
                <line number="407" hits="1"/>
                <line number="409" hits="1"/>
                <line number="412" hits="13"/>
                <line number="413" hits="1"/>
                <line number="414" hits="1"/>
                <line number="415" hits="1"/>
                <line number="416" hits="1"/>
                <line number="417" hits="1"/>
                <line number="419" hits="1"/>
              </lines>
            </method>
            <method name="generateCodeVerifier" signature="" line-rate="1" branch-rate="0" complexity="1">
              <lines>
                <line number="428" hits="5"/>
              </lines>
            </method>
            <method name="generateCodeChallenge" signature="string $codeVerifier" line-rate="1" branch-rate="0" complexity="1">
              <lines>
                <line number="436" hits="5"/>
              </lines>
            </method>
            <method name="getStateCacheKey" signature="string $state" line-rate="1" branch-rate="0" complexity="1">
              <lines>
                <line number="444" hits="14"/>
              </lines>
            </method>
          </methods>
          <lines>
            <line number="43" hits="42"/>
            <line number="55" hits="9"/>
            <line number="56" hits="9"/>
            <line number="57" hits="4"/>
            <line number="58" hits="4"/>
            <line number="59" hits="4"/>
            <line number="60" hits="4"/>
            <line number="64" hits="5"/>
            <line number="65" hits="5"/>
            <line number="68" hits="5"/>
            <line number="71" hits="5"/>
            <line number="72" hits="5"/>
            <line number="73" hits="5"/>
            <line number="74" hits="5"/>
            <line number="75" hits="5"/>
            <line number="78" hits="5"/>
            <line number="79" hits="5"/>
            <line number="80" hits="5"/>
            <line number="81" hits="5"/>
            <line number="84" hits="5"/>
            <line number="85" hits="5"/>
            <line number="86" hits="5"/>
            <line number="87" hits="5"/>
            <line number="88" hits="5"/>
            <line number="89" hits="5"/>
            <line number="90" hits="5"/>
            <line number="91" hits="5"/>
            <line number="92" hits="5"/>
            <line number="95" hits="5"/>
            <line number="96" hits="5"/>
            <line number="98" hits="5"/>
            <line number="112" hits="14"/>
            <line number="113" hits="14"/>
            <line number="114" hits="2"/>
            <line number="116" hits="2"/>
            <line number="117" hits="2"/>
            <line number="118" hits="2"/>
            <line number="119" hits="2"/>
            <line number="120" hits="2"/>
            <line number="123" hits="12"/>
            <line number="124" hits="12"/>
            <line number="126" hits="12"/>
            <line number="127" hits="3"/>
            <line number="128" hits="3"/>
            <line number="129" hits="3"/>
            <line number="130" hits="3"/>
            <line number="131" hits="3"/>
            <line number="135" hits="9"/>
            <line number="136" hits="9"/>
            <line number="137" hits="9"/>
            <line number="138" hits="1"/>
            <line number="140" hits="1"/>
            <line number="141" hits="1"/>
            <line number="142" hits="1"/>
            <line number="143" hits="1"/>
            <line number="144" hits="1"/>
            <line number="147" hits="8"/>
            <line number="150" hits="8"/>
            <line number="153" hits="8"/>
            <line number="154" hits="8"/>
            <line number="155" hits="2"/>
            <line number="156" hits="2"/>
            <line number="157" hits="2"/>
            <line number="158" hits="2"/>
            <line number="159" hits="2"/>
            <line number="163" hits="6"/>
            <line number="164" hits="6"/>
            <line number="165" hits="6"/>
            <line number="166" hits="6"/>
            <line number="169" hits="6"/>
            <line number="170" hits="6"/>
            <line number="171" hits="6"/>
            <line number="172" hits="6"/>
            <line number="173" hits="6"/>
            <line number="174" hits="6"/>
            <line number="175" hits="6"/>
            <line number="176" hits="6"/>
            <line number="177" hits="6"/>
            <line number="178" hits="6"/>
            <line number="180" hits="5"/>
            <line number="181" hits="5"/>
            <line number="183" hits="5"/>
            <line number="184" hits="5"/>
            <line number="185" hits="5"/>
            <line number="186" hits="5"/>
            <line number="188" hits="5"/>
            <line number="189" hits="5"/>
            <line number="190" hits="1"/>
            <line number="191" hits="1"/>
            <line number="192" hits="1"/>
            <line number="193" hits="1"/>
            <line number="195" hits="1"/>
            <line number="196" hits="1"/>
            <line number="197" hits="1"/>
            <line number="198" hits="1"/>
            <line number="199" hits="1"/>
            <line number="203" hits="4"/>
            <line number="204" hits="1"/>
            <line number="206" hits="1"/>
            <line number="207" hits="1"/>
            <line number="208" hits="1"/>
            <line number="209" hits="1"/>
            <line number="210" hits="1"/>
            <line number="214" hits="3"/>
            <line number="215" hits="3"/>
            <line number="216" hits="3"/>
            <line number="217" hits="3"/>
            <line number="218" hits="3"/>
            <line number="219" hits="3"/>
            <line number="220" hits="3"/>
            <line number="221" hits="1"/>
            <line number="222" hits="1"/>
            <line number="223" hits="1"/>
            <line number="224" hits="1"/>
            <line number="226" hits="1"/>
            <line number="227" hits="1"/>
            <line number="228" hits="1"/>
            <line number="229" hits="1"/>
            <line number="230" hits="1"/>
            <line number="237" hits="12"/>
            <line number="238" hits="12"/>
            <line number="239" hits="1"/>
            <line number="240" hits="1"/>
            <line number="241" hits="1"/>
            <line number="242" hits="1"/>
            <line number="245" hits="11"/>
            <line number="246" hits="11"/>
            <line number="247" hits="2"/>
            <line number="248" hits="2"/>
            <line number="249" hits="2"/>
            <line number="250" hits="2"/>
            <line number="254" hits="9"/>
            <line number="255" hits="9"/>
            <line number="256" hits="9"/>
            <line number="259" hits="9"/>
            <line number="260" hits="3"/>
            <line number="261" hits="3"/>
            <line number="262" hits="3"/>
            <line number="263" hits="3"/>
            <line number="267" hits="6"/>
            <line number="268" hits="6"/>
            <line number="269" hits="3"/>
            <line number="270" hits="3"/>
            <line number="271" hits="3"/>
            <line number="272" hits="3"/>
            <line number="275" hits="3"/>
            <line number="276" hits="3"/>
            <line number="277" hits="3"/>
            <line number="278" hits="3"/>
            <line number="279" hits="3"/>
            <line number="280" hits="3"/>
            <line number="281" hits="3"/>
            <line number="282" hits="3"/>
            <line number="283" hits="3"/>
            <line number="284" hits="3"/>
            <line number="286" hits="3"/>
            <line number="287" hits="3"/>
            <line number="288" hits="3"/>
            <line number="289" hits="3"/>
            <line number="290" hits="3"/>
            <line number="291" hits="3"/>
            <line number="292" hits="3"/>
            <line number="295" hits="3"/>
            <line number="296" hits="3"/>
            <line number="297" hits="0"/>
            <line number="298" hits="0"/>
            <line number="299" hits="0"/>
            <line number="300" hits="0"/>
            <line number="301" hits="0"/>
            <line number="302" hits="0"/>
            <line number="319" hits="7"/>
            <line number="321" hits="7"/>
            <line number="322" hits="2"/>
            <line number="323" hits="2"/>
            <line number="324" hits="2"/>
            <line number="325" hits="2"/>
            <line number="328" hits="5"/>
            <line number="329" hits="5"/>
            <line number="330" hits="2"/>
            <line number="331" hits="2"/>
            <line number="332" hits="2"/>
            <line number="335" hits="3"/>
            <line number="336" hits="3"/>
            <line number="337" hits="3"/>
            <line number="338" hits="3"/>
            <line number="339" hits="3"/>
            <line number="340" hits="3"/>
            <line number="341" hits="3"/>
            <line number="342" hits="3"/>
            <line number="344" hits="3"/>
            <line number="345" hits="3"/>
            <line number="346" hits="3"/>
            <line number="347" hits="3"/>
            <line number="348" hits="3"/>
            <line number="349" hits="3"/>
            <line number="351" hits="3"/>
            <line number="355" hits="3"/>
            <line number="356" hits="0"/>
            <line number="360" hits="3"/>
            <line number="361" hits="3"/>
            <line number="362" hits="0"/>
            <line number="363" hits="0"/>
            <line number="364" hits="0"/>
            <line number="365" hits="0"/>
            <line number="366" hits="0"/>
            <line number="373" hits="11"/>
            <line number="374" hits="9"/>
            <line number="375" hits="1"/>
            <line number="378" hits="8"/>
            <line number="379" hits="8"/>
            <line number="380" hits="2"/>
            <line number="382" hits="2"/>
            <line number="392" hits="17"/>
            <line number="393" hits="16"/>
            <line number="394" hits="2"/>
            <line number="395" hits="2"/>
            <line number="396" hits="2"/>
            <line number="397" hits="2"/>
            <line number="399" hits="2"/>
            <line number="402" hits="14"/>
            <line number="403" hits="14"/>
            <line number="404" hits="1"/>
            <line number="405" hits="1"/>
            <line number="406" hits="1"/>
            <line number="407" hits="1"/>
            <line number="409" hits="1"/>
            <line number="412" hits="13"/>
            <line number="413" hits="1"/>
            <line number="414" hits="1"/>
            <line number="415" hits="1"/>
            <line number="416" hits="1"/>
            <line number="417" hits="1"/>
            <line number="419" hits="1"/>
            <line number="428" hits="5"/>
            <line number="436" hits="5"/>
            <line number="444" hits="14"/>
          </lines>
        </class>
      </classes>
    </package>
    <package name="Controller/DownloadController.php" line-rate="0" branch-rate="0" complexity="15">
      <classes>
        <class name="App\Controller\DownloadController" filename="Controller/DownloadController.php" line-rate="0" branch-rate="0" complexity="15">
          <methods>
            <method name="__construct" signature="DownloadJobRepository $downloadJobRepository" line-rate="0" branch-rate="0" complexity="1">
              <lines>
                <line number="18" hits="0"/>
              </lines>
            </method>
            <method name="index" signature="string $downloadJobUuid, string $token, int $fileId" line-rate="0" branch-rate="0" complexity="14">
              <lines>
                <line number="31" hits="0"/>
                <line number="32" hits="0"/>
                <line number="33" hits="0"/>
                <line number="37" hits="0"/>
                <line number="38" hits="0"/>
                <line number="39" hits="0"/>
                <line number="43" hits="0"/>
                <line number="44" hits="0"/>
                <line number="49" hits="0"/>
                <line number="50" hits="0"/>
                <line number="51" hits="0"/>
                <line number="52" hits="0"/>
                <line number="53" hits="0"/>
                <line number="55" hits="0"/>
                <line number="57" hits="0"/>
                <line number="58" hits="0"/>
                <line number="59" hits="0"/>
                <line number="60" hits="0"/>
                <line number="61" hits="0"/>
                <line number="63" hits="0"/>
                <line number="64" hits="0"/>
                <line number="73" hits="0"/>
                <line number="75" hits="0"/>
                <line number="76" hits="0"/>
                <line number="77" hits="0"/>
                <line number="78" hits="0"/>
              </lines>
            </method>
          </methods>
          <lines>
            <line number="18" hits="0"/>
            <line number="31" hits="0"/>
            <line number="32" hits="0"/>
            <line number="33" hits="0"/>
            <line number="37" hits="0"/>
            <line number="38" hits="0"/>
            <line number="39" hits="0"/>
            <line number="43" hits="0"/>
            <line number="44" hits="0"/>
            <line number="49" hits="0"/>
            <line number="50" hits="0"/>
            <line number="51" hits="0"/>
            <line number="52" hits="0"/>
            <line number="53" hits="0"/>
            <line number="55" hits="0"/>
            <line number="57" hits="0"/>
            <line number="58" hits="0"/>
            <line number="59" hits="0"/>
            <line number="60" hits="0"/>
            <line number="61" hits="0"/>
            <line number="63" hits="0"/>
            <line number="64" hits="0"/>
            <line number="73" hits="0"/>
            <line number="75" hits="0"/>
            <line number="76" hits="0"/>
            <line number="77" hits="0"/>
            <line number="78" hits="0"/>
          </lines>
        </class>
      </classes>
    </package>
    <package name="Controller/WellKnownController.php" line-rate="1" branch-rate="0" complexity="2">
      <classes>
        <class name="App\Controller\WellKnownController" filename="Controller/WellKnownController.php" line-rate="1" branch-rate="0" complexity="2">
          <methods>
            <method name="__construct" signature="string $clientId, string $appVersion" line-rate="1" branch-rate="0" complexity="1">
              <lines>
                <line number="27" hits="2"/>
              </lines>
            </method>
            <method name="configForBrowserExtension" signature="" line-rate="1" branch-rate="0" complexity="1">
              <lines>
                <line number="39" hits="1"/>
                <line number="40" hits="1"/>
                <line number="41" hits="1"/>
                <line number="42" hits="1"/>
                <line number="43" hits="1"/>
                <line number="44" hits="1"/>
                <line number="45" hits="1"/>
                <line number="46" hits="1"/>
                <line number="47" hits="1"/>
                <line number="48" hits="1"/>
                <line number="49" hits="1"/>
                <line number="50" hits="1"/>
                <line number="51" hits="1"/>
                <line number="52" hits="1"/>
                <line number="53" hits="1"/>
                <line number="54" hits="1"/>
                <line number="55" hits="1"/>
                <line number="56" hits="1"/>
              </lines>
            </method>
          </methods>
          <lines>
            <line number="27" hits="2"/>
            <line number="39" hits="1"/>
            <line number="40" hits="1"/>
            <line number="41" hits="1"/>
            <line number="42" hits="1"/>
            <line number="43" hits="1"/>
            <line number="44" hits="1"/>
            <line number="45" hits="1"/>
            <line number="46" hits="1"/>
            <line number="47" hits="1"/>
            <line number="48" hits="1"/>
            <line number="49" hits="1"/>
            <line number="50" hits="1"/>
            <line number="51" hits="1"/>
            <line number="52" hits="1"/>
            <line number="53" hits="1"/>
            <line number="54" hits="1"/>
            <line number="55" hits="1"/>
            <line number="56" hits="1"/>
          </lines>
        </class>
      </classes>
    </package>
    <package name="DataFixtures/TestUserFixtures.php" line-rate="1" branch-rate="0" complexity="1">
      <classes>
        <class name="App\DataFixtures\TestUserFixtures" filename="DataFixtures/TestUserFixtures.php" line-rate="1" branch-rate="0" complexity="1">
          <methods>
            <method name="load" signature="ObjectManager $manager" line-rate="1" branch-rate="0" complexity="1">
              <lines>
                <line number="13" hits="1"/>
                <line number="14" hits="1"/>
                <line number="15" hits="1"/>
                <line number="19" hits="1"/>
              </lines>
            </method>
          </methods>
          <lines>
            <line number="13" hits="1"/>
            <line number="14" hits="1"/>
            <line number="15" hits="1"/>
            <line number="19" hits="1"/>
          </lines>
        </class>
      </classes>
    </package>
    <package name="Doctrine/CurrentUserExtension.php" line-rate="0" branch-rate="0" complexity="9">
      <classes>
        <class name="App\Doctrine\CurrentUserExtension" filename="Doctrine/CurrentUserExtension.php" line-rate="0" branch-rate="0" complexity="9">
          <methods>
            <method name="__construct" signature="Security $security, OidcSubjectIdentifierRepository $oidcSubjectIdentifierRepository" line-rate="0" branch-rate="0" complexity="1">
              <lines>
                <line number="21" hits="0"/>
              </lines>
            </method>
            <method name="applyToCollection" signature="QueryBuilder $queryBuilder, QueryNameGeneratorInterface $queryNameGenerator, string $resourceClass, ?Operation $operation, array $context" line-rate="0" branch-rate="0" complexity="4">
              <lines>
                <line number="25" hits="0"/>
                <line number="26" hits="0"/>
                <line number="29" hits="0"/>
                <line number="30" hits="0"/>
                <line number="34" hits="0"/>
              </lines>
            </method>
            <method name="applyToItem" signature="QueryBuilder $queryBuilder, QueryNameGeneratorInterface $queryNameGenerator, string $resourceClass, array $identifiers, ?Operation $operation, array $context" line-rate="0" branch-rate="0" complexity="4">
              <lines>
                <line number="40" hits="0"/>
                <line number="41" hits="0"/>
                <line number="44" hits="0"/>
                <line number="45" hits="0"/>
                <line number="49" hits="0"/>
              </lines>
            </method>
          </methods>
          <lines>
            <line number="21" hits="0"/>
            <line number="25" hits="0"/>
            <line number="26" hits="0"/>
            <line number="29" hits="0"/>
            <line number="30" hits="0"/>
            <line number="34" hits="0"/>
            <line number="40" hits="0"/>
            <line number="41" hits="0"/>
            <line number="44" hits="0"/>
            <line number="45" hits="0"/>
            <line number="49" hits="0"/>
          </lines>
        </class>
      </classes>
    </package>
    <package name="Dto/CookieDTO.php" line-rate="0.37037037037037" branch-rate="0" complexity="10">
      <classes>
        <class name="App\Dto\CookieDTO" filename="Dto/CookieDTO.php" line-rate="0.37037037037037" branch-rate="0" complexity="10">
          <methods>
            <method name="fromArray" signature="array $data" line-rate="0" branch-rate="0" complexity="6">
              <lines>
                <line number="22" hits="0"/>
                <line number="23" hits="0"/>
                <line number="25" hits="0"/>
                <line number="26" hits="0"/>
                <line number="27" hits="0"/>
                <line number="31" hits="0"/>
                <line number="33" hits="0"/>
                <line number="36" hits="0"/>
                <line number="37" hits="0"/>
                <line number="39" hits="0"/>
                <line number="40" hits="0"/>
                <line number="41" hits="0"/>
                <line number="42" hits="0"/>
                <line number="43" hits="0"/>
                <line number="44" hits="0"/>
                <line number="45" hits="0"/>
                <line number="48" hits="0"/>
              </lines>
            </method>
            <method name="toNetscapeCookieLine" signature="" line-rate="1" branch-rate="0" complexity="4">
              <lines>
                <line number="61" hits="1"/>
                <line number="62" hits="1"/>
                <line number="63" hits="1"/>
                <line number="64" hits="1"/>
                <line number="65" hits="1"/>
                <line number="66" hits="1"/>
                <line number="67" hits="1"/>
                <line number="68" hits="1"/>
                <line number="69" hits="1"/>
                <line number="70" hits="1"/>
              </lines>
            </method>
          </methods>
          <lines>
            <line number="22" hits="0"/>
            <line number="23" hits="0"/>
            <line number="25" hits="0"/>
            <line number="26" hits="0"/>
            <line number="27" hits="0"/>
            <line number="31" hits="0"/>
            <line number="33" hits="0"/>
            <line number="36" hits="0"/>
            <line number="37" hits="0"/>
            <line number="39" hits="0"/>
            <line number="40" hits="0"/>
            <line number="41" hits="0"/>
            <line number="42" hits="0"/>
            <line number="43" hits="0"/>
            <line number="44" hits="0"/>
            <line number="45" hits="0"/>
            <line number="48" hits="0"/>
            <line number="61" hits="1"/>
            <line number="62" hits="1"/>
            <line number="63" hits="1"/>
            <line number="64" hits="1"/>
            <line number="65" hits="1"/>
            <line number="66" hits="1"/>
            <line number="67" hits="1"/>
            <line number="68" hits="1"/>
            <line number="69" hits="1"/>
            <line number="70" hits="1"/>
          </lines>
        </class>
      </classes>
    </package>
    <package name="Dto/DownloadJobDTO.php" line-rate="0" branch-rate="0" complexity="0">
      <classes>
        <class name="App\Dto\DownloadJobDTO" filename="Dto/DownloadJobDTO.php" line-rate="0" branch-rate="0" complexity="0">
          <methods/>
          <lines/>
        </class>
      </classes>
    </package>
    <package name="Dto/JobAcceptedDTO.php" line-rate="1" branch-rate="0" complexity="10">
      <classes>
        <class name="App\Dto\JobAcceptedDTO" filename="Dto/JobAcceptedDTO.php" line-rate="1" branch-rate="0" complexity="10">
          <methods>
            <method name="getStatus" signature="" line-rate="1" branch-rate="0" complexity="1">
              <lines>
                <line number="17" hits="4"/>
              </lines>
            </method>
            <method name="setStatus" signature="string $status" line-rate="1" branch-rate="0" complexity="1">
              <lines>
                <line number="22" hits="1"/>
                <line number="24" hits="1"/>
              </lines>
            </method>
            <method name="getJobUuid" signature="" line-rate="1" branch-rate="0" complexity="1">
              <lines>
                <line number="29" hits="12"/>
              </lines>
            </method>
            <method name="setJobUuid" signature="string $jobUuid" line-rate="1" branch-rate="0" complexity="1">
              <lines>
                <line number="34" hits="14"/>
                <line number="36" hits="14"/>
              </lines>
            </method>
            <method name="getToken" signature="" line-rate="1" branch-rate="0" complexity="1">
              <lines>
                <line number="41" hits="13"/>
              </lines>
            </method>
            <method name="setToken" signature="string $token" line-rate="1" branch-rate="0" complexity="1">
              <lines>
                <line number="46" hits="15"/>
                <line number="48" hits="15"/>
              </lines>
            </method>
            <method name="getJobType" signature="" line-rate="1" branch-rate="0" complexity="1">
              <lines>
                <line number="53" hits="7"/>
              </lines>
            </method>
            <method name="setJobType" signature="JobTypeEnum $jobType" line-rate="1" branch-rate="0" complexity="1">
              <lines>
                <line number="58" hits="13"/>
                <line number="60" hits="13"/>
              </lines>
            </method>
            <method name="getMessage" signature="" line-rate="1" branch-rate="0" complexity="1">
              <lines>
                <line number="65" hits="4"/>
              </lines>
            </method>
            <method name="setMessage" signature="string $message" line-rate="1" branch-rate="0" complexity="1">
              <lines>
                <line number="70" hits="1"/>
                <line number="72" hits="1"/>
              </lines>
            </method>
          </methods>
          <lines>
            <line number="17" hits="4"/>
            <line number="22" hits="1"/>
            <line number="24" hits="1"/>
            <line number="29" hits="12"/>
            <line number="34" hits="14"/>
            <line number="36" hits="14"/>
            <line number="41" hits="13"/>
            <line number="46" hits="15"/>
            <line number="48" hits="15"/>
            <line number="53" hits="7"/>
            <line number="58" hits="13"/>
            <line number="60" hits="13"/>
            <line number="65" hits="4"/>
            <line number="70" hits="1"/>
            <line number="72" hits="1"/>
          </lines>
        </class>
      </classes>
    </package>
    <package name="Entity/DownloadJob.php" line-rate="0.91935483870968" branch-rate="0" complexity="40">
      <classes>
        <class name="App\Entity\DownloadJob" filename="Entity/DownloadJob.php" line-rate="0.91935483870968" branch-rate="0" complexity="40">
          <methods>
            <method name="__construct" signature="" line-rate="1" branch-rate="0" complexity="1">
              <lines>
                <line number="100" hits="65"/>
                <line number="101" hits="65"/>
                <line number="102" hits="65"/>
                <line number="103" hits="65"/>
              </lines>
            </method>
            <method name="getId" signature="" line-rate="1" branch-rate="0" complexity="1">
              <lines>
                <line number="108" hits="18"/>
              </lines>
            </method>
            <method name="getUuid" signature="" line-rate="1" branch-rate="0" complexity="1">
              <lines>
                <line number="113" hits="12"/>
              </lines>
            </method>
            <method name="getToken" signature="" line-rate="1" branch-rate="0" complexity="1">
              <lines>
                <line number="118" hits="12"/>
              </lines>
            </method>
            <method name="getUri" signature="" line-rate="1" branch-rate="0" complexity="1">
              <lines>
                <line number="123" hits="19"/>
              </lines>
            </method>
            <method name="setUri" signature="string $uri" line-rate="1" branch-rate="0" complexity="1">
              <lines>
                <line number="128" hits="39"/>
                <line number="130" hits="39"/>
              </lines>
            </method>
            <method name="getUserAgent" signature="" line-rate="1" branch-rate="0" complexity="1">
              <lines>
                <line number="135" hits="9"/>
              </lines>
            </method>
            <method name="setUserAgent" signature="?string $userAgent" line-rate="1" branch-rate="0" complexity="1">
              <lines>
                <line number="140" hits="17"/>
                <line number="142" hits="17"/>
              </lines>
            </method>
            <method name="getCookies" signature="" line-rate="0.8" branch-rate="0" complexity="4">
              <lines>
                <line number="150" hits="11"/>
                <line number="153" hits="7"/>
                <line number="154" hits="7"/>
                <line number="155" hits="0"/>
                <line number="161" hits="11"/>
              </lines>
            </method>
            <method name="setCookies" signature="?array $cookies" line-rate="1" branch-rate="0" complexity="4">
              <lines>
                <line number="166" hits="19"/>
                <line number="167" hits="8"/>
                <line number="168" hits="8"/>
                <line number="169" hits="2"/>
                <line number="172" hits="7"/>
                <line number="175" hits="12"/>
                <line number="178" hits="17"/>
              </lines>
            </method>
            <method name="addCookie" signature="CookieDTO $cookie" line-rate="0.8" branch-rate="0" complexity="4">
              <lines>
                <line number="184" hits="10"/>
                <line number="185" hits="0"/>
                <line number="189" hits="10"/>
                <line number="190" hits="10"/>
                <line number="193" hits="10"/>
              </lines>
            </method>
            <method name="removeCookie" signature="CookieDTO $cookie" line-rate="1" branch-rate="0" complexity="1">
              <lines>
                <line number="198" hits="1"/>
                <line number="200" hits="1"/>
              </lines>
            </method>
            <method name="getState" signature="" line-rate="1" branch-rate="0" complexity="1">
              <lines>
                <line number="205" hits="13"/>
              </lines>
            </method>
            <method name="setState" signature="DownloadStateEnum $state" line-rate="1" branch-rate="0" complexity="1">
              <lines>
                <line number="210" hits="27"/>
                <line number="212" hits="27"/>
              </lines>
            </method>
            <method name="getDownloader" signature="" line-rate="1" branch-rate="0" complexity="1">
              <lines>
                <line number="217" hits="25"/>
              </lines>
            </method>
            <method name="setDownloader" signature="string $downloader" line-rate="1" branch-rate="0" complexity="1">
              <lines>
                <line number="222" hits="23"/>
                <line number="224" hits="23"/>
              </lines>
            </method>
            <method name="getUrl" signature="" line-rate="1" branch-rate="0" complexity="1">
              <lines>
                <line number="229" hits="9"/>
              </lines>
            </method>
            <method name="getDownloadJobEvents" signature="" line-rate="1" branch-rate="0" complexity="1">
              <lines>
                <line number="237" hits="9"/>
              </lines>
            </method>
            <method name="addDownloadJobEvent" signature="DownloadJobEvent $downloadJobEvent" line-rate="1" branch-rate="0" complexity="2">
              <lines>
                <line number="242" hits="5"/>
                <line number="243" hits="5"/>
                <line number="244" hits="5"/>
                <line number="247" hits="5"/>
              </lines>
            </method>
            <method name="removeDownloadJobEvent" signature="DownloadJobEvent $downloadJobEvent" line-rate="1" branch-rate="0" complexity="3">
              <lines>
                <line number="252" hits="3"/>
                <line number="254" hits="1"/>
                <line number="255" hits="1"/>
                <line number="259" hits="3"/>
              </lines>
            </method>
            <method name="getFiles" signature="" line-rate="1" branch-rate="0" complexity="1">
              <lines>
                <line number="267" hits="4"/>
              </lines>
            </method>
            <method name="addFile" signature="DownloadedFile $downloadedFile" line-rate="1" branch-rate="0" complexity="2">
              <lines>
                <line number="272" hits="2"/>
                <line number="273" hits="2"/>
                <line number="274" hits="2"/>
                <line number="277" hits="2"/>
              </lines>
            </method>
            <method name="removeFile" signature="DownloadedFile $downloadedFile" line-rate="1" branch-rate="0" complexity="2">
              <lines>
                <line number="282" hits="1"/>
                <line number="283" hits="1"/>
                <line number="286" hits="1"/>
              </lines>
            </method>
            <method name="getOwner" signature="" line-rate="1" branch-rate="0" complexity="1">
              <lines>
                <line number="291" hits="3"/>
              </lines>
            </method>
            <method name="setOwner" signature="?OidcSubjectIdentifier $owner" line-rate="1" branch-rate="0" complexity="1">
              <lines>
                <line number="296" hits="3"/>
                <line number="298" hits="3"/>
              </lines>
            </method>
            <method name="getOwnerQueryBuilder" signature="QueryBuilder $queryBuilder, string $ownerIdentifier" line-rate="0" branch-rate="0" complexity="1">
              <lines>
                <line number="303" hits="0"/>
                <line number="304" hits="0"/>
                <line number="305" hits="0"/>
              </lines>
            </method>
          </methods>
          <lines>
            <line number="100" hits="65"/>
            <line number="101" hits="65"/>
            <line number="102" hits="65"/>
            <line number="103" hits="65"/>
            <line number="108" hits="18"/>
            <line number="113" hits="12"/>
            <line number="118" hits="12"/>
            <line number="123" hits="19"/>
            <line number="128" hits="39"/>
            <line number="130" hits="39"/>
            <line number="135" hits="9"/>
            <line number="140" hits="17"/>
            <line number="142" hits="17"/>
            <line number="150" hits="11"/>
            <line number="153" hits="7"/>
            <line number="154" hits="7"/>
            <line number="155" hits="0"/>
            <line number="161" hits="11"/>
            <line number="166" hits="19"/>
            <line number="167" hits="8"/>
            <line number="168" hits="8"/>
            <line number="169" hits="2"/>
            <line number="172" hits="7"/>
            <line number="175" hits="12"/>
            <line number="178" hits="17"/>
            <line number="184" hits="10"/>
            <line number="185" hits="0"/>
            <line number="189" hits="10"/>
            <line number="190" hits="10"/>
            <line number="193" hits="10"/>
            <line number="198" hits="1"/>
            <line number="200" hits="1"/>
            <line number="205" hits="13"/>
            <line number="210" hits="27"/>
            <line number="212" hits="27"/>
            <line number="217" hits="25"/>
            <line number="222" hits="23"/>
            <line number="224" hits="23"/>
            <line number="229" hits="9"/>
            <line number="237" hits="9"/>
            <line number="242" hits="5"/>
            <line number="243" hits="5"/>
            <line number="244" hits="5"/>
            <line number="247" hits="5"/>
            <line number="252" hits="3"/>
            <line number="254" hits="1"/>
            <line number="255" hits="1"/>
            <line number="259" hits="3"/>
            <line number="267" hits="4"/>
            <line number="272" hits="2"/>
            <line number="273" hits="2"/>
            <line number="274" hits="2"/>
            <line number="277" hits="2"/>
            <line number="282" hits="1"/>
            <line number="283" hits="1"/>
            <line number="286" hits="1"/>
            <line number="291" hits="3"/>
            <line number="296" hits="3"/>
            <line number="298" hits="3"/>
            <line number="303" hits="0"/>
            <line number="304" hits="0"/>
            <line number="305" hits="0"/>
          </lines>
        </class>
      </classes>
    </package>
    <package name="Entity/DownloadJobEvent.php" line-rate="0.090909090909091" branch-rate="0" complexity="19">
      <classes>
        <class name="App\Entity\DownloadJobEvent" filename="Entity/DownloadJobEvent.php" line-rate="0.090909090909091" branch-rate="0" complexity="19">
          <methods>
            <method name="handleLinks" signature="QueryBuilder $queryBuilder, array $uriVariables, QueryNameGeneratorInterface $queryNameGenerator" line-rate="0" branch-rate="0" complexity="1">
              <lines>
                <line number="67" hits="0"/>
                <line number="68" hits="0"/>
                <line number="69" hits="0"/>
                <line number="70" hits="0"/>
              </lines>
            </method>
            <method name="getId" signature="" line-rate="0" branch-rate="0" complexity="1">
              <lines>
                <line number="75" hits="0"/>
              </lines>
            </method>
            <method name="getDownloadJob" signature="" line-rate="1" branch-rate="0" complexity="1">
              <lines>
                <line number="80" hits="3"/>
              </lines>
            </method>
            <method name="setDownloadJob" signature="?DownloadJob $downloadJob" line-rate="1" branch-rate="0" complexity="1">
              <lines>
                <line number="85" hits="5"/>
                <line number="87" hits="5"/>
              </lines>
            </method>
            <method name="getWorkerIdentifier" signature="" line-rate="0" branch-rate="0" complexity="1">
              <lines>
                <line number="92" hits="0"/>
              </lines>
            </method>
            <method name="setWorkerIdentifier" signature="string $workerIdentifier" line-rate="0" branch-rate="0" complexity="1">
              <lines>
                <line number="97" hits="0"/>
                <line number="99" hits="0"/>
              </lines>
            </method>
            <method name="getEvent" signature="" line-rate="0" branch-rate="0" complexity="1">
              <lines>
                <line number="104" hits="0"/>
              </lines>
            </method>
            <method name="setEvent" signature="string $event" line-rate="0" branch-rate="0" complexity="1">
              <lines>
                <line number="109" hits="0"/>
                <line number="111" hits="0"/>
              </lines>
            </method>
            <method name="getSource" signature="" line-rate="0" branch-rate="0" complexity="1">
              <lines>
                <line number="116" hits="0"/>
              </lines>
            </method>
            <method name="setSource" signature="string $source" line-rate="0" branch-rate="0" complexity="1">
              <lines>
                <line number="121" hits="0"/>
                <line number="123" hits="0"/>
              </lines>
            </method>
            <method name="getUpdateMessage" signature="" line-rate="0" branch-rate="0" complexity="1">
              <lines>
                <line number="128" hits="0"/>
              </lines>
            </method>
            <method name="setUpdateMessage" signature="?string $updateMessage" line-rate="0" branch-rate="0" complexity="1">
              <lines>
                <line number="133" hits="0"/>
                <line number="135" hits="0"/>
              </lines>
            </method>
            <method name="getContext" signature="" line-rate="0" branch-rate="0" complexity="1">
              <lines>
                <line number="140" hits="0"/>
              </lines>
            </method>
            <method name="setContext" signature="?array $context" line-rate="0" branch-rate="0" complexity="1">
              <lines>
                <line number="145" hits="0"/>
                <line number="147" hits="0"/>
              </lines>
            </method>
            <method name="getMetadata" signature="" line-rate="0" branch-rate="0" complexity="1">
              <lines>
                <line number="152" hits="0"/>
              </lines>
            </method>
            <method name="setMetadata" signature="?array $metadata" line-rate="0" branch-rate="0" complexity="1">
              <lines>
                <line number="157" hits="0"/>
                <line number="159" hits="0"/>
              </lines>
            </method>
            <method name="getExceptionMessage" signature="" line-rate="0" branch-rate="0" complexity="1">
              <lines>
                <line number="164" hits="0"/>
              </lines>
            </method>
            <method name="setExceptionMessage" signature="string $exceptionMessage" line-rate="0" branch-rate="0" complexity="1">
              <lines>
                <line number="169" hits="0"/>
                <line number="171" hits="0"/>
              </lines>
            </method>
            <method name="getOwnerQueryBuilder" signature="QueryBuilder $queryBuilder, string $ownerIdentifier" line-rate="0" branch-rate="0" complexity="1">
              <lines>
                <line number="176" hits="0"/>
                <line number="177" hits="0"/>
                <line number="178" hits="0"/>
                <line number="179" hits="0"/>
              </lines>
            </method>
          </methods>
          <lines>
            <line number="67" hits="0"/>
            <line number="68" hits="0"/>
            <line number="69" hits="0"/>
            <line number="70" hits="0"/>
            <line number="75" hits="0"/>
            <line number="80" hits="3"/>
            <line number="85" hits="5"/>
            <line number="87" hits="5"/>
            <line number="92" hits="0"/>
            <line number="97" hits="0"/>
            <line number="99" hits="0"/>
            <line number="104" hits="0"/>
            <line number="109" hits="0"/>
            <line number="111" hits="0"/>
            <line number="116" hits="0"/>
            <line number="121" hits="0"/>
            <line number="123" hits="0"/>
            <line number="128" hits="0"/>
            <line number="133" hits="0"/>
            <line number="135" hits="0"/>
            <line number="140" hits="0"/>
            <line number="145" hits="0"/>
            <line number="147" hits="0"/>
            <line number="152" hits="0"/>
            <line number="157" hits="0"/>
            <line number="159" hits="0"/>
            <line number="164" hits="0"/>
            <line number="169" hits="0"/>
            <line number="171" hits="0"/>
            <line number="176" hits="0"/>
            <line number="177" hits="0"/>
            <line number="178" hits="0"/>
            <line number="179" hits="0"/>
          </lines>
        </class>
      </classes>
    </package>
    <package name="Entity/DownloadedFile.php" line-rate="0.25" branch-rate="0" complexity="16">
      <classes>
        <class name="App\Entity\DownloadedFile" filename="Entity/DownloadedFile.php" line-rate="0.25" branch-rate="0" complexity="16">
          <methods>
            <method name="__construct" signature="" line-rate="1" branch-rate="0" complexity="1">
              <lines>
                <line number="62" hits="2"/>
              </lines>
            </method>
            <method name="handleLinks" signature="QueryBuilder $queryBuilder, array $uriVariables, QueryNameGeneratorInterface $queryNameGenerator" line-rate="0" branch-rate="0" complexity="1">
              <lines>
                <line number="67" hits="0"/>
                <line number="68" hits="0"/>
                <line number="69" hits="0"/>
                <line number="70" hits="0"/>
                <line number="71" hits="0"/>
              </lines>
            </method>
            <method name="addDownloadJob" signature="DownloadJob $downloadJob" line-rate="1" branch-rate="0" complexity="2">
              <lines>
                <line number="76" hits="2"/>
                <line number="77" hits="2"/>
                <line number="80" hits="2"/>
              </lines>
            </method>
            <method name="removeDownloadJob" signature="DownloadJob $downloadJob" line-rate="1" branch-rate="0" complexity="1">
              <lines>
                <line number="85" hits="1"/>
                <line number="87" hits="1"/>
              </lines>
            </method>
            <method name="getPath" signature="" line-rate="0" branch-rate="0" complexity="1">
              <lines>
                <line number="92" hits="0"/>
              </lines>
            </method>
            <method name="setPath" signature="string $path" line-rate="0" branch-rate="0" complexity="1">
              <lines>
                <line number="97" hits="0"/>
                <line number="99" hits="0"/>
              </lines>
            </method>
            <method name="getMetadata" signature="" line-rate="0" branch-rate="0" complexity="1">
              <lines>
                <line number="104" hits="0"/>
              </lines>
            </method>
            <method name="setMetadata" signature="array $metadata" line-rate="0" branch-rate="0" complexity="1">
              <lines>
                <line number="109" hits="0"/>
                <line number="111" hits="0"/>
              </lines>
            </method>
            <method name="isVisible" signature="" line-rate="0" branch-rate="0" complexity="1">
              <lines>
                <line number="116" hits="0"/>
              </lines>
            </method>
            <method name="setVisible" signature="bool $visible" line-rate="0" branch-rate="0" complexity="1">
              <lines>
                <line number="121" hits="0"/>
                <line number="123" hits="0"/>
              </lines>
            </method>
            <method name="getFilename" signature="" line-rate="0" branch-rate="0" complexity="2">
              <lines>
                <line number="129" hits="0"/>
              </lines>
            </method>
            <method name="getDownloadUri" signature="" line-rate="0" branch-rate="0" complexity="1">
              <lines>
                <line number="136" hits="0"/>
              </lines>
            </method>
            <method name="getDownloadJob" signature="" line-rate="0" branch-rate="0" complexity="1">
              <lines>
                <line number="144" hits="0"/>
              </lines>
            </method>
            <method name="getId" signature="" line-rate="0" branch-rate="0" complexity="1">
              <lines>
                <line number="149" hits="0"/>
              </lines>
            </method>
          </methods>
          <lines>
            <line number="62" hits="2"/>
            <line number="67" hits="0"/>
            <line number="68" hits="0"/>
            <line number="69" hits="0"/>
            <line number="70" hits="0"/>
            <line number="71" hits="0"/>
            <line number="76" hits="2"/>
            <line number="77" hits="2"/>
            <line number="80" hits="2"/>
            <line number="85" hits="1"/>
            <line number="87" hits="1"/>
            <line number="92" hits="0"/>
            <line number="97" hits="0"/>
            <line number="99" hits="0"/>
            <line number="104" hits="0"/>
            <line number="109" hits="0"/>
            <line number="111" hits="0"/>
            <line number="116" hits="0"/>
            <line number="121" hits="0"/>
            <line number="123" hits="0"/>
            <line number="129" hits="0"/>
            <line number="136" hits="0"/>
            <line number="144" hits="0"/>
            <line number="149" hits="0"/>
          </lines>
        </class>
      </classes>
    </package>
    <package name="Entity/Downloader.php" line-rate="0" branch-rate="0" complexity="0">
      <classes>
        <class name="App\Entity\Downloader" filename="Entity/Downloader.php" line-rate="0" branch-rate="0" complexity="0">
          <methods/>
          <lines/>
        </class>
      </classes>
    </package>
    <package name="Entity/OidcSubjectIdentifier.php" line-rate="1" branch-rate="0" complexity="10">
      <classes>
        <class name="App\Entity\OidcSubjectIdentifier" filename="Entity/OidcSubjectIdentifier.php" line-rate="1" branch-rate="0" complexity="10">
          <methods>
            <method name="__construct" signature="" line-rate="1" branch-rate="0" complexity="1">
              <lines>
                <line number="44" hits="5"/>
              </lines>
            </method>
            <method name="getId" signature="" line-rate="1" branch-rate="0" complexity="1">
              <lines>
                <line number="49" hits="2"/>
              </lines>
            </method>
            <method name="getSubject" signature="" line-rate="1" branch-rate="0" complexity="1">
              <lines>
                <line number="54" hits="1"/>
              </lines>
            </method>
            <method name="setSubject" signature="string $subject" line-rate="1" branch-rate="0" complexity="1">
              <lines>
                <line number="59" hits="3"/>
                <line number="61" hits="3"/>
              </lines>
            </method>
            <method name="getDownloadJobs" signature="" line-rate="1" branch-rate="0" complexity="1">
              <lines>
                <line number="69" hits="1"/>
              </lines>
            </method>
            <method name="addDownloadJob" signature="DownloadJob $downloadJob" line-rate="1" branch-rate="0" complexity="2">
              <lines>
                <line number="74" hits="1"/>
                <line number="75" hits="1"/>
                <line number="76" hits="1"/>
                <line number="79" hits="1"/>
              </lines>
            </method>
            <method name="removeDownloadJob" signature="DownloadJob $downloadJob" line-rate="1" branch-rate="0" complexity="3">
              <lines>
                <line number="84" hits="1"/>
                <line number="86" hits="1"/>
                <line number="87" hits="1"/>
                <line number="91" hits="1"/>
              </lines>
            </method>
          </methods>
          <lines>
            <line number="44" hits="5"/>
            <line number="49" hits="2"/>
            <line number="54" hits="1"/>
            <line number="59" hits="3"/>
            <line number="61" hits="3"/>
            <line number="69" hits="1"/>
            <line number="74" hits="1"/>
            <line number="75" hits="1"/>
            <line number="76" hits="1"/>
            <line number="79" hits="1"/>
            <line number="84" hits="1"/>
            <line number="86" hits="1"/>
            <line number="87" hits="1"/>
            <line number="91" hits="1"/>
          </lines>
        </class>
      </classes>
    </package>
    <package name="Entity/SupportedSite.php" line-rate="0" branch-rate="0" complexity="11">
      <classes>
        <class name="App\Entity\SupportedSite" filename="Entity/SupportedSite.php" line-rate="0" branch-rate="0" complexity="11">
          <methods>
            <method name="getId" signature="" line-rate="0" branch-rate="0" complexity="1">
              <lines>
                <line number="48" hits="0"/>
              </lines>
            </method>
[...]
                <line number="165" hits="0"/>
                <line number="167" hits="0"/>
                <line number="170" hits="0"/>
                <line number="173" hits="0"/>
                <line number="174" hits="0"/>
                <line number="177" hits="0"/>
              </lines>
            </method>
            <method name="getConfigFileContents" signature="" line-rate="0" branch-rate="0" complexity="1">
              <lines>
                <line number="182" hits="0"/>
                <line number="183" hits="0"/>
                <line number="184" hits="0"/>
                <line number="186" hits="0"/>
                <line number="208" hits="0"/>
              </lines>
            </method>
            <method name="getUpdateCommandArgs" signature="" line-rate="1" branch-rate="0" complexity="1">
              <lines>
                <line number="213" hits="1"/>
              </lines>
            </method>
            <method name="getVersionCommandArgs" signature="" line-rate="0" branch-rate="0" complexity="1">
              <lines>
                <line number="218" hits="0"/>
                <line number="219" hits="0"/>
                <line number="220" hits="0"/>
                <line number="221" hits="0"/>
              </lines>
            </method>
          </methods>
          <lines>
            <line number="34" hits="11"/>
            <line number="39" hits="8"/>
            <line number="44" hits="1"/>
            <line number="49" hits="0"/>
            <line number="50" hits="0"/>
            <line number="51" hits="0"/>
            <line number="52" hits="0"/>
            <line number="53" hits="0"/>
            <line number="55" hits="0"/>
            <line number="57" hits="0"/>
            <line number="58" hits="0"/>
            <line number="59" hits="0"/>
            <line number="66" hits="0"/>
            <line number="70" hits="0"/>
            <line number="71" hits="0"/>
            <line number="72" hits="0"/>
            <line number="73" hits="0"/>
            <line number="74" hits="0"/>
            <line number="75" hits="0"/>
            <line number="76" hits="0"/>
            <line number="77" hits="0"/>
            <line number="78" hits="0"/>
            <line number="79" hits="0"/>
            <line number="82" hits="0"/>
            <line number="83" hits="0"/>
            <line number="84" hits="0"/>
            <line number="87" hits="0"/>
            <line number="88" hits="0"/>
            <line number="90" hits="0"/>
            <line number="91" hits="0"/>
            <line number="94" hits="0"/>
            <line number="95" hits="0"/>
            <line number="97" hits="0"/>
            <line number="101" hits="0"/>
            <line number="102" hits="0"/>
            <line number="106" hits="0"/>
            <line number="107" hits="0"/>
            <line number="112" hits="2"/>
            <line number="113" hits="2"/>
            <line number="114" hits="0"/>
            <line number="117" hits="2"/>
            <line number="122" hits="2"/>
            <line number="123" hits="2"/>
            <line number="124" hits="0"/>
            <line number="127" hits="2"/>
            <line number="132" hits="0"/>
            <line number="133" hits="0"/>
            <line number="134" hits="0"/>
            <line number="135" hits="0"/>
            <line number="136" hits="0"/>
            <line number="137" hits="0"/>
            <line number="140" hits="0"/>
            <line number="141" hits="0"/>
            <line number="142" hits="0"/>
            <line number="143" hits="0"/>
            <line number="144" hits="0"/>
            <line number="146" hits="0"/>
            <line number="150" hits="0"/>
            <line number="151" hits="0"/>
            <line number="157" hits="0"/>
            <line number="159" hits="0"/>
            <line number="162" hits="0"/>
            <line number="163" hits="0"/>
            <line number="164" hits="0"/>
            <line number="165" hits="0"/>
            <line number="167" hits="0"/>
            <line number="170" hits="0"/>
            <line number="173" hits="0"/>
            <line number="174" hits="0"/>
            <line number="177" hits="0"/>
            <line number="182" hits="0"/>
            <line number="183" hits="0"/>
            <line number="184" hits="0"/>
            <line number="186" hits="0"/>
            <line number="208" hits="0"/>
            <line number="213" hits="1"/>
            <line number="218" hits="0"/>
            <line number="219" hits="0"/>
            <line number="220" hits="0"/>
            <line number="221" hits="0"/>
          </lines>
        </class>
      </classes>
    </package>
    <package name="State/DownloadJobQueuedProcessor.php" line-rate="0.98148148148148" branch-rate="0" complexity="12">
      <classes>
        <class name="App\State\DownloadJobQueuedProcessor" filename="State/DownloadJobQueuedProcessor.php" line-rate="0.98148148148148" branch-rate="0" complexity="12">
          <methods>
            <method name="__construct" signature="ProcessorInterface $persistProcessor, ProcessorInterface $messengerProcessor, LoggerInterface $logger, DownloaderFactory $downloaderFactory, TagAwareCacheInterface $cache, Security $security, OidcSubjectIdentifierRepository $oidcSubjectIdentifierRepository" line-rate="1" branch-rate="0" complexity="1">
              <lines>
                <line number="39" hits="16"/>
              </lines>
            </method>
            <method name="process" signature="mixed $data, Operation $operation, array $uriVariables, array $context" line-rate="0.98076923076923" branch-rate="0" complexity="10">
              <lines>
                <line number="46" hits="15"/>
                <line number="48" hits="15"/>
                <line number="50" hits="15"/>
                <line number="51" hits="2"/>
                <line number="52" hits="2"/>
                <line number="53" hits="0"/>
                <line number="56" hits="2"/>
                <line number="59" hits="15"/>
                <line number="60" hits="15"/>
                <line number="61" hits="15"/>
                <line number="62" hits="15"/>
                <line number="63" hits="15"/>
                <line number="64" hits="15"/>
                <line number="65" hits="15"/>
                <line number="68" hits="15"/>
                <line number="69" hits="2"/>
                <line number="72" hits="13"/>
                <line number="73" hits="13"/>
                <line number="74" hits="13"/>
                <line number="75" hits="13"/>
                <line number="76" hits="13"/>
                <line number="78" hits="13"/>
                <line number="79" hits="8"/>
                <line number="81" hits="5"/>
                <line number="82" hits="4"/>
                <line number="84" hits="4"/>
                <line number="85" hits="4"/>
                <line number="87" hits="4"/>
                <line number="88" hits="4"/>
                <line number="91" hits="4"/>
                <line number="92" hits="4"/>
                <line number="93" hits="2"/>
                <line number="94" hits="2"/>
                <line number="95" hits="2"/>
                <line number="96" hits="2"/>
                <line number="98" hits="2"/>
                <line number="100" hits="2"/>
                <line number="103" hits="2"/>
                <line number="104" hits="5"/>
                <line number="106" hits="5"/>
                <line number="107" hits="3"/>
                <line number="111" hits="2"/>
                <line number="114" hits="5"/>
                <line number="115" hits="2"/>
                <line number="121" hits="11"/>
                <line number="122" hits="1"/>
                <line number="126" hits="10"/>
                <line number="129" hits="10"/>
                <line number="132" hits="10"/>
                <line number="133" hits="10"/>
                <line number="134" hits="10"/>
                <line number="135" hits="10"/>
              </lines>
            </method>
            <method name="getDomainProbeCacheKey" signature="DownloadJob $downloadJob" line-rate="1" branch-rate="0" complexity="1">
              <lines>
                <line number="142" hits="5"/>
              </lines>
            </method>
          </methods>
          <lines>
            <line number="39" hits="16"/>
            <line number="46" hits="15"/>
            <line number="48" hits="15"/>
            <line number="50" hits="15"/>
            <line number="51" hits="2"/>
            <line number="52" hits="2"/>
            <line number="53" hits="0"/>
            <line number="56" hits="2"/>
            <line number="59" hits="15"/>
            <line number="60" hits="15"/>
            <line number="61" hits="15"/>
            <line number="62" hits="15"/>
            <line number="63" hits="15"/>
            <line number="64" hits="15"/>
            <line number="65" hits="15"/>
            <line number="68" hits="15"/>
            <line number="69" hits="2"/>
            <line number="72" hits="13"/>
            <line number="73" hits="13"/>
            <line number="74" hits="13"/>
            <line number="75" hits="13"/>
            <line number="76" hits="13"/>
            <line number="78" hits="13"/>
            <line number="79" hits="8"/>
            <line number="81" hits="5"/>
            <line number="82" hits="4"/>
            <line number="84" hits="4"/>
            <line number="85" hits="4"/>
            <line number="87" hits="4"/>
            <line number="88" hits="4"/>
            <line number="91" hits="4"/>
            <line number="92" hits="4"/>
            <line number="93" hits="2"/>
            <line number="94" hits="2"/>
            <line number="95" hits="2"/>
            <line number="96" hits="2"/>
            <line number="98" hits="2"/>
            <line number="100" hits="2"/>
            <line number="103" hits="2"/>
            <line number="104" hits="5"/>
            <line number="106" hits="5"/>
            <line number="107" hits="3"/>
            <line number="111" hits="2"/>
            <line number="114" hits="5"/>
            <line number="115" hits="2"/>
            <line number="121" hits="11"/>
            <line number="122" hits="1"/>
            <line number="126" hits="10"/>
            <line number="129" hits="10"/>
            <line number="132" hits="10"/>
            <line number="133" hits="10"/>
            <line number="134" hits="10"/>
            <line number="135" hits="10"/>
            <line number="142" hits="5"/>
          </lines>
        </class>
      </classes>
    </package>
    <package name="State/DownloaderProvider.php" line-rate="0" branch-rate="0" complexity="10">
      <classes>
        <class name="App\State\DownloaderProvider" filename="State/DownloaderProvider.php" line-rate="0" branch-rate="0" complexity="10">
          <methods>
            <method name="__construct" signature="DownloaderFactory $downloaderFactory" line-rate="0" branch-rate="0" complexity="1">
              <lines>
                <line number="17" hits="0"/>
              </lines>
            </method>
            <method name="provide" signature="Operation $operation, array $uriVariables, array $context" line-rate="0" branch-rate="0" complexity="5">
              <lines>
                <line number="24" hits="0"/>
                <line number="25" hits="0"/>
                <line number="26" hits="0"/>
                <line number="27" hits="0"/>
                <line number="30" hits="0"/>
                <line number="33" hits="0"/>
                <line number="34" hits="0"/>
                <line number="35" hits="0"/>
                <line number="36" hits="0"/>
                <line number="40" hits="0"/>
              </lines>
            </method>
            <method name="createDownloaderModelFromDownloaderService" signature="DownloaderInterface $downloader" line-rate="0" branch-rate="0" complexity="3">
              <lines>
                <line number="45" hits="0"/>
                <line number="46" hits="0"/>
                <line number="47" hits="0"/>
                <line number="48" hits="0"/>
                <line number="50" hits="0"/>
                <line number="51" hits="0"/>
                <line number="54" hits="0"/>
                <line number="55" hits="0"/>
                <line number="56" hits="0"/>
                <line number="58" hits="0"/>
                <line number="61" hits="0"/>
                <line number="63" hits="0"/>
              </lines>
            </method>
            <method name="getHostNameFromUrl" signature="string $url" line-rate="0" branch-rate="0" complexity="1">
              <lines>
                <line number="68" hits="0"/>
              </lines>
            </method>
          </methods>
          <lines>
            <line number="17" hits="0"/>
            <line number="24" hits="0"/>
            <line number="25" hits="0"/>
            <line number="26" hits="0"/>
            <line number="27" hits="0"/>
            <line number="30" hits="0"/>
            <line number="33" hits="0"/>
            <line number="34" hits="0"/>
            <line number="35" hits="0"/>
            <line number="36" hits="0"/>
            <line number="40" hits="0"/>
            <line number="45" hits="0"/>
            <line number="46" hits="0"/>
            <line number="47" hits="0"/>
            <line number="48" hits="0"/>
            <line number="50" hits="0"/>
            <line number="51" hits="0"/>
            <line number="54" hits="0"/>
            <line number="55" hits="0"/>
            <line number="56" hits="0"/>
            <line number="58" hits="0"/>
            <line number="61" hits="0"/>
            <line number="63" hits="0"/>
            <line number="68" hits="0"/>
          </lines>
        </class>
      </classes>
    </package>
    <package name="State/VersionProvider.php" line-rate="1" branch-rate="0" complexity="8">
      <classes>
        <class name="App\State\VersionProvider" filename="State/VersionProvider.php" line-rate="1" branch-rate="0" complexity="8">
          <methods>
            <method name="__construct" signature="DownloaderFactory $downloaderFactory, LoggerInterface $logger" line-rate="1" branch-rate="0" complexity="1">
              <lines>
                <line number="18" hits="14"/>
              </lines>
            </method>
            <method name="provide" signature="Operation $operation, array $uriVariables, array $context" line-rate="1" branch-rate="0" complexity="7">
              <lines>
                <line number="22" hits="14"/>
                <line number="23" hits="6"/>
                <line number="24" hits="6"/>
                <line number="26" hits="5"/>
                <line number="27" hits="5"/>
                <line number="28" hits="5"/>
                <line number="29" hits="5"/>
                <line number="30" hits="5"/>
                <line number="31" hits="5"/>
                <line number="32" hits="5"/>
                <line number="33" hits="4"/>
                <line number="34" hits="4"/>
                <line number="35" hits="4"/>
                <line number="36" hits="4"/>
                <line number="37" hits="4"/>
                <line number="41" hits="6"/>
                <line number="44" hits="8"/>
                <line number="45" hits="7"/>
                <line number="46" hits="7"/>
                <line number="48" hits="5"/>
                <line number="50" hits="4"/>
                <line number="51" hits="4"/>
                <line number="52" hits="4"/>
                <line number="53" hits="4"/>
                <line number="54" hits="4"/>
                <line number="55" hits="4"/>
                <line number="56" hits="1"/>
                <line number="57" hits="1"/>
                <line number="58" hits="1"/>
                <line number="59" hits="1"/>
                <line number="60" hits="1"/>
                <line number="62" hits="1"/>
                <line number="67" hits="3"/>
              </lines>
            </method>
          </methods>
          <lines>
            <line number="18" hits="14"/>
            <line number="22" hits="14"/>
            <line number="23" hits="6"/>
            <line number="24" hits="6"/>
            <line number="26" hits="5"/>
            <line number="27" hits="5"/>
            <line number="28" hits="5"/>
            <line number="29" hits="5"/>
            <line number="30" hits="5"/>
            <line number="31" hits="5"/>
            <line number="32" hits="5"/>
            <line number="33" hits="4"/>
            <line number="34" hits="4"/>
            <line number="35" hits="4"/>
            <line number="36" hits="4"/>
            <line number="37" hits="4"/>
            <line number="41" hits="6"/>
            <line number="44" hits="8"/>
            <line number="45" hits="7"/>
            <line number="46" hits="7"/>
            <line number="48" hits="5"/>
            <line number="50" hits="4"/>
            <line number="51" hits="4"/>
            <line number="52" hits="4"/>
            <line number="53" hits="4"/>
            <line number="54" hits="4"/>
            <line number="55" hits="4"/>
            <line number="56" hits="1"/>
            <line number="57" hits="1"/>
            <line number="58" hits="1"/>
            <line number="59" hits="1"/>
            <line number="60" hits="1"/>
            <line number="62" hits="1"/>
            <line number="67" hits="3"/>
          </lines>
        </class>
      </classes>
    </package>
    <package name="Validator/SelectDownloader.php" line-rate="1" branch-rate="0" complexity="1">
      <classes>
        <class name="App\Validator\SelectDownloader" filename="Validator/SelectDownloader.php" line-rate="1" branch-rate="0" complexity="1">
          <methods>
            <method name="__construct" signature="string $mode, ?array $groups, mixed $payload" line-rate="1" branch-rate="0" complexity="1">
              <lines>
                <line number="19" hits="9"/>
              </lines>
            </method>
          </methods>
          <lines>
            <line number="19" hits="9"/>
          </lines>
        </class>
      </classes>
    </package>
    <package name="Validator/SelectDownloaderValidator.php" line-rate="1" branch-rate="0" complexity="5">
      <classes>
        <class name="App\Validator\SelectDownloaderValidator" filename="Validator/SelectDownloaderValidator.php" line-rate="1" branch-rate="0" complexity="5">
          <methods>
            <method name="__construct" signature="DownloaderFactory $downloaderFactory" line-rate="1" branch-rate="0" complexity="1">
              <lines>
                <line number="14" hits="9"/>
              </lines>
            </method>
            <method name="validate" signature="mixed $value, Constraint $constraint" line-rate="1" branch-rate="0" complexity="4">
              <lines>
                <line number="20" hits="8"/>
                <line number="21" hits="2"/>
                <line number="25" hits="6"/>
                <line number="26" hits="4"/>
                <line number="28" hits="3"/>
                <line number="29" hits="3"/>
                <line number="30" hits="3"/>
              </lines>
            </method>
          </methods>
          <lines>
            <line number="14" hits="9"/>
            <line number="20" hits="8"/>
            <line number="21" hits="2"/>
            <line number="25" hits="6"/>
            <line number="26" hits="4"/>
            <line number="28" hits="3"/>
            <line number="29" hits="3"/>
            <line number="30" hits="3"/>
          </lines>
        </class>
      </classes>
    </package>
  </packages>
</coverage>
